<?xml version="1.0" encoding="UTF-8"?>
<!-- Generated by org.testng.reporters.JUnitReportReporter -->
<testsuite hostname="SrikarReddy" failures="0" tests="1" name="testing.ExceptionHandling" time="3.345" errors="0" timestamp="2024-02-19T15:29:43 GMT-05:00" skipped="0">
  <testcase classname="testing.ExceptionHandling" name="test_search" time="3.345"/>
  <system-out/>
</testsuite> <!-- testing.ExceptionHandling -->
