<?xml version="1.0" encoding="UTF-8"?>
<!-- Generated by org.testng.reporters.JUnitReportReporter -->
<testsuite hostname="SrikarReddy" failures="0" tests="1" name="utils.GetData" time="0.000" errors="0" timestamp="2024-02-18T12:45:00 GMT-05:00" skipped="1">
  <testcase classname="utils.GetData" name="test_login" time="0.000">
    <skipped/>
  </testcase> <!-- test_login -->
  <system-out/>
</testsuite> <!-- utils.GetData -->
