<?xml version="1.0" encoding="UTF-8"?>
<!-- Generated by org.testng.reporters.JUnitReportReporter -->
<testsuite hostname="SrikarReddy" failures="0" tests="3" name="testing.CrossBrowserTesting" time="48.884" errors="0" timestamp="2024-02-18T17:56:30 GMT-05:00" skipped="0">
  <testcase classname="testing.CrossBrowserTesting" name="test" time="14.895"/>
  <system-out/>
  <testcase classname="testing.CrossBrowserTesting" name="test" time="16.280"/>
  <system-out/>
  <testcase classname="testing.CrossBrowserTesting" name="test" time="17.709"/>
  <system-out/>
</testsuite> <!-- testing.CrossBrowserTesting -->
