<?xml version="1.0" encoding="UTF-8"?>
<!-- Generated by org.testng.reporters.JUnitReportReporter -->
<testsuite hostname="SrikarReddy" failures="0" tests="3" name="testing.TestGrouping" time="0.046" errors="0" timestamp="2024-02-18T17:12:15 GMT-05:00" skipped="0">
  <testcase classname="testing.TestGrouping" name="test4" time="0.002"/>
  <system-out/>
  <testcase classname="testing.TestGrouping" name="test3" time="0.002"/>
  <system-out/>
  <testcase classname="testing.TestGrouping" name="test2" time="0.042"/>
  <system-out/>
</testsuite> <!-- testing.TestGrouping -->
